INFO:     Will watch for changes in these directories: ['/Users/lushao/cursorfile/backend']
INFO:     Uvicorn running on http://127.0.0.1:7001 (Press CTRL+C to quit)
INFO:     Started reloader process [89608] using statreload
INFO:     Started server process [89618]
INFO:     Waiting for application startup.
INFO:     Application startup complete.
INFO:     127.0.0.1:59036 - "GET / HTTP/1.1" 200 OK
INFO:     127.0.0.1:59043 - "GET / HTTP/1.1" 200 OK
INFO:     127.0.0.1:59043 - "GET /favicon.ico HTTP/1.1" 404 Not Found
WARNING:  StatReload detected file change in 'backend/routes/generate_code.py'. Reloading...
INFO:     Shutting down
INFO:     Waiting for application shutdown.
INFO:     Application shutdown complete.
INFO:     Finished server process [89618]
INFO:     Started server process [90684]
INFO:     Waiting for application startup.
INFO:     Application startup complete.
WARNING:  StatReload detected file change in 'backend/routes/generate_code.py'. Reloading...
INFO:     Shutting down
INFO:     Waiting for application shutdown.
INFO:     Application shutdown complete.
INFO:     Finished server process [90684]
INFO:     Started server process [90707]
INFO:     Waiting for application startup.
INFO:     Application startup complete.
WARNING:  Unsupported upgrade request.
WARNING:  No supported WebSocket library detected. Please use 'pip install uvicorn[standard]', or install 'websockets' or 'wsproto' manually.
WARNING:  Unsupported upgrade request.
WARNING:  No supported WebSocket library detected. Please use 'pip install uvicorn[standard]', or install 'websockets' or 'wsproto' manually.
WARNING:  Unsupported upgrade request.
WARNING:  No supported WebSocket library detected. Please use 'pip install uvicorn[standard]', or install 'websockets' or 'wsproto' manually.
WARNING:  Unsupported upgrade request.
WARNING:  No supported WebSocket library detected. Please use 'pip install uvicorn[standard]', or install 'websockets' or 'wsproto' manually.
WARNING:  Unsupported upgrade request.
WARNING:  No supported WebSocket library detected. Please use 'pip install uvicorn[standard]', or install 'websockets' or 'wsproto' manually.
WARNING:  Unsupported upgrade request.
WARNING:  No supported WebSocket library detected. Please use 'pip install uvicorn[standard]', or install 'websockets' or 'wsproto' manually.
WARNING:  Unsupported upgrade request.
WARNING:  No supported WebSocket library detected. Please use 'pip install uvicorn[standard]', or install 'websockets' or 'wsproto' manually.
WARNING:  Unsupported upgrade request.
WARNING:  No supported WebSocket library detected. Please use 'pip install uvicorn[standard]', or install 'websockets' or 'wsproto' manually.
WARNING:  Unsupported upgrade request.
WARNING:  No supported WebSocket library detected. Please use 'pip install uvicorn[standard]', or install 'websockets' or 'wsproto' manually.
WARNING:  Unsupported upgrade request.
WARNING:  No supported WebSocket library detected. Please use 'pip install uvicorn[standard]', or install 'websockets' or 'wsproto' manually.
INFO:     Shutting down
INFO:     Waiting for application shutdown.
INFO:     Application shutdown complete.
INFO:     Finished server process [90707]
INFO:     Stopping reloader process [89608]
