INFO:     Will watch for changes in these directories: ['/Users/lushao/cursorfile/backend']
INFO:     Uvicorn running on http://127.0.0.1:7001 (Press CTRL+C to quit)
INFO:     Started reloader process [92133] using statreload
INFO:     Started server process [92145]
INFO:     Waiting for application startup.
INFO:     Application startup complete.
WARNING:  Unsupported upgrade request.
WARNING:  No supported WebSocket library detected. Please use 'pip install uvicorn[standard]', or install 'websockets' or 'wsproto' manually.
WARNING:  StatReload detected file change in 'backend/main.py'. Reloading...
INFO:     Shutting down
INFO:     Waiting for application shutdown.
INFO:     Application shutdown complete.
INFO:     Finished server process [92145]
INFO:     Started server process [92286]
INFO:     Waiting for application startup.
INFO:     Application startup complete.
WARNING:  StatReload detected file change in 'backend/main.py'. Reloading...
INFO:     Shutting down
INFO:     Waiting for application shutdown.
INFO:     Application shutdown complete.
INFO:     Finished server process [92286]
INFO:     Started server process [92288]
INFO:     Waiting for application startup.
INFO:     Application startup complete.
INFO:     127.0.0.1:60722 - "GET / HTTP/1.1" 200 OK
WARNING:  Unsupported upgrade request.
WARNING:  No supported WebSocket library detected. Please use 'pip install uvicorn[standard]', or install 'websockets' or 'wsproto' manually.
WARNING:  Unsupported upgrade request.
WARNING:  No supported WebSocket library detected. Please use 'pip install uvicorn[standard]', or install 'websockets' or 'wsproto' manually.
WARNING:  Unsupported upgrade request.
WARNING:  No supported WebSocket library detected. Please use 'pip install uvicorn[standard]', or install 'websockets' or 'wsproto' manually.
WARNING:  Unsupported upgrade request.
WARNING:  No supported WebSocket library detected. Please use 'pip install uvicorn[standard]', or install 'websockets' or 'wsproto' manually.
WARNING:  Unsupported upgrade request.
WARNING:  No supported WebSocket library detected. Please use 'pip install uvicorn[standard]', or install 'websockets' or 'wsproto' manually.
WARNING:  Unsupported upgrade request.
WARNING:  No supported WebSocket library detected. Please use 'pip install uvicorn[standard]', or install 'websockets' or 'wsproto' manually.
WARNING:  Unsupported upgrade request.
WARNING:  No supported WebSocket library detected. Please use 'pip install uvicorn[standard]', or install 'websockets' or 'wsproto' manually.
INFO:     127.0.0.1:62655 - "GET / HTTP/1.1" 200 OK
WARNING:  StatReload detected file change in 'backend/main.py'. Reloading...
INFO:     Shutting down
INFO:     Waiting for application shutdown.
INFO:     Application shutdown complete.
INFO:     Finished server process [92288]
INFO:     Started server process [92726]
INFO:     Waiting for application startup.
INFO:     Application startup complete.
WARNING:  Unsupported upgrade request.
WARNING:  No supported WebSocket library detected. Please use 'pip install uvicorn[standard]', or install 'websockets' or 'wsproto' manually.
WARNING:  Unsupported upgrade request.
WARNING:  No supported WebSocket library detected. Please use 'pip install uvicorn[standard]', or install 'websockets' or 'wsproto' manually.
WARNING:  Unsupported upgrade request.
WARNING:  No supported WebSocket library detected. Please use 'pip install uvicorn[standard]', or install 'websockets' or 'wsproto' manually.
WARNING:  Unsupported upgrade request.
WARNING:  No supported WebSocket library detected. Please use 'pip install uvicorn[standard]', or install 'websockets' or 'wsproto' manually.
INFO:     Shutting down
INFO:     Waiting for application shutdown.
INFO:     Application shutdown complete.
INFO:     Finished server process [92726]
INFO:     Stopping reloader process [92133]
